Temp/gradleOut/build/outputs/logs/manifest-merger-release-report.txt
-- Merging decision tree log ---
manifest
ADDED from src\main\AndroidManifest.xml:2:1-23:12
INJECTED from src\main\AndroidManifest.xml:2:1-23:12
INJECTED from src\main\AndroidManifest.xml:2:1-23:12
INJECTED from src\main\AndroidManifest.xml:2:1-23:12
MERGED from [:androidx.arch.core.core-runtime-2.0.0:] AndroidManifest.xml:17:1-22:12
MERGED from [:androidx.asynclayoutinflater.asynclayoutinflater-1.0.0:] AndroidManifest.xml:17:1-22:12
MERGED from [:androidx.browser.browser-1.0.0:] AndroidManifest.xml:17:1-22:12
MERGED from [:androidx.coordinatorlayout.coordinatorlayout-1.0.0:] AndroidManifest.xml:17:1-22:12
MERGED from [:androidx.core.core-1.0.0:] AndroidManifest.xml:17:1-24:12
MERGED from [:androidx.cursoradapter.cursoradapter-1.0.0:] AndroidManifest.xml:17:1-22:12
MERGED from [:androidx.customview.customview-1.0.0:] AndroidManifest.xml:17:1-22:12
MERGED from [:androidx.documentfile.documentfile-1.0.0:] AndroidManifest.xml:17:1-22:12
MERGED from [:androidx.drawerlayout.drawerlayout-1.0.0:] AndroidManifest.xml:17:1-22:12
MERGED from [:androidx.fragment.fragment-1.0.0:] AndroidManifest.xml:17:1-22:12
MERGED from [:androidx.interpolator.interpolator-1.0.0:] AndroidManifest.xml:17:1-22:12
MERGED from [:androidx.legacy.legacy-support-core-ui-1.0.0:] AndroidManifest.xml:17:1-22:12
MERGED from [:androidx.legacy.legacy-support-core-utils-1.0.0:] AndroidManifest.xml:17:1-22:12
MERGED from [:androidx.lifecycle.lifecycle-livedata-2.0.0:] AndroidManifest.xml:17:1-22:12
MERGED from [:androidx.lifecycle.lifecycle-livedata-core-2.0.0:] AndroidManifest.xml:17:1-22:12
MERGED from [:androidx.lifecycle.lifecycle-runtime-2.0.0:] AndroidManifest.xml:17:1-22:12
MERGED from [:androidx.lifecycle.lifecycle-viewmodel-2.0.0:] AndroidManifest.xml:17:1-22:12
MERGED from [:androidx.loader.loader-1.0.0:] AndroidManifest.xml:17:1-22:12
MERGED from [:androidx.localbroadcastmanager.localbroadcastmanager-1.0.0:] AndroidManifest.xml:17:1-22:12
MERGED from [:androidx.print.print-1.0.0:] AndroidManifest.xml:17:1-22:12
MERGED from [:androidx.slidingpanelayout.slidingpanelayout-1.0.0:] AndroidManifest.xml:17:1-22:12
MERGED from [:androidx.swiperefreshlayout.swiperefreshlayout-1.0.0:] AndroidManifest.xml:17:1-22:12
MERGED from [:androidx.versionedparcelable.versionedparcelable-1.0.0:] AndroidManifest.xml:17:1-25:12
MERGED from [:androidx.viewpager.viewpager-1.0.0:] AndroidManifest.xml:17:1-22:12
MERGED from [:com.google.android.gms.play-services-ads-19.1.0:] AndroidManifest.xml:17:1-25:12
MERGED from [:com.google.android.gms.play-services-ads-base-19.1.0:] AndroidManifest.xml:2:1-9:12
MERGED from [:com.google.android.gms.play-services-ads-identifier-17.0.0:] AndroidManifest.xml:17:1-24:12
MERGED from [:com.google.android.gms.play-services-ads-lite-19.1.0:] AndroidManifest.xml:17:1-27:12
MERGED from [:com.google.android.gms.play-services-basement-17.0.0:] AndroidManifest.xml:17:1-28:12
MERGED from [:com.google.android.gms.play-services-gass-19.1.0:] AndroidManifest.xml:2:1-9:12
MERGED from [:com.google.android.gms.play-services-measurement-base-17.1.0:] AndroidManifest.xml:2:1-9:12
MERGED from [:com.google.android.gms.play-services-measurement-sdk-api-17.1.0:] AndroidManifest.xml:17:1-27:12
MERGED from [:com.google.android.gms.play-services-tasks-17.0.0:] AndroidManifest.xml:2:1-9:12
MERGED from [:googlemobileads-unity:] AndroidManifest.xml:7:1-18:12
MERGED from [:GoogleMobileAdsPlugin] AndroidManifest.xml:2:1-19:12
INJECTED from src\main\AndroidManifest.xml:2:1-23:12
INJECTED from src\main\AndroidManifest.xml:2:1-23:12
INJECTED from src\main\AndroidManifest.xml:2:1-23:12
	package
		ADDED from src\main\AndroidManifest.xml:2:70-93
		INJECTED from src\main\AndroidManifest.xml
		INJECTED from src\main\AndroidManifest.xml
	android:versionName
		INJECTED from src\main\AndroidManifest.xml
		ADDED from src\main\AndroidManifest.xml:2:1-23:12
		INJECTED from src\main\AndroidManifest.xml
	xmlns:tools
		ADDED from src\main\AndroidManifest.xml:2:94-140
	android:versionCode
		INJECTED from src\main\AndroidManifest.xml
		ADDED from src\main\AndroidManifest.xml:2:1-23:12
		INJECTED from src\main\AndroidManifest.xml
	xmlns:android
		ADDED from src\main\AndroidManifest.xml:2:11-69
	android:installLocation
		ADDED from src\main\AndroidManifest.xml:2:141-181
supports-screens
ADDED from src\main\AndroidManifest.xml:3:3-163
	android:largeScreens
		ADDED from src\main\AndroidManifest.xml:3:78-105
	android:smallScreens
		ADDED from src\main\AndroidManifest.xml:3:21-48
	android:normalScreens
		ADDED from src\main\AndroidManifest.xml:3:49-77
	android:xlargeScreens
		ADDED from src\main\AndroidManifest.xml:3:106-134
	android:anyDensity
		ADDED from src\main\AndroidManifest.xml:3:135-160
application
ADDED from src\main\AndroidManifest.xml:4:3-16:17
MERGED from [:androidx.core.core-1.0.0:] AndroidManifest.xml:22:5-89
MERGED from [:androidx.core.core-1.0.0:] AndroidManifest.xml:22:5-89
MERGED from [:androidx.versionedparcelable.versionedparcelable-1.0.0:] AndroidManifest.xml:22:5-23:19
MERGED from [:androidx.versionedparcelable.versionedparcelable-1.0.0:] AndroidManifest.xml:22:5-23:19
MERGED from [:com.google.android.gms.play-services-ads-base-19.1.0:] AndroidManifest.xml:7:5-20
MERGED from [:com.google.android.gms.play-services-ads-base-19.1.0:] AndroidManifest.xml:7:5-20
MERGED from [:com.google.android.gms.play-services-ads-identifier-17.0.0:] AndroidManifest.xml:22:5-20
MERGED from [:com.google.android.gms.play-services-ads-identifier-17.0.0:] AndroidManifest.xml:22:5-20
MERGED from [:com.google.android.gms.play-services-ads-lite-19.1.0:] AndroidManifest.xml:22:3-26:17
MERGED from [:com.google.android.gms.play-services-ads-lite-19.1.0:] AndroidManifest.xml:22:3-26:17
MERGED from [:com.google.android.gms.play-services-basement-17.0.0:] AndroidManifest.xml:22:5-26:19
MERGED from [:com.google.android.gms.play-services-basement-17.0.0:] AndroidManifest.xml:22:5-26:19
MERGED from [:com.google.android.gms.play-services-gass-19.1.0:] AndroidManifest.xml:7:5-20
MERGED from [:com.google.android.gms.play-services-gass-19.1.0:] AndroidManifest.xml:7:5-20
MERGED from [:com.google.android.gms.play-services-measurement-base-17.1.0:] AndroidManifest.xml:7:5-20
MERGED from [:com.google.android.gms.play-services-measurement-base-17.1.0:] AndroidManifest.xml:7:5-20
MERGED from [:com.google.android.gms.play-services-tasks-17.0.0:] AndroidManifest.xml:7:5-20
MERGED from [:com.google.android.gms.play-services-tasks-17.0.0:] AndroidManifest.xml:7:5-20
MERGED from [:GoogleMobileAdsPlugin] AndroidManifest.xml:9:5-17:19
MERGED from [:GoogleMobileAdsPlugin] AndroidManifest.xml:9:5-17:19
	android:appComponentFactory
		ADDED from [:androidx.core.core-1.0.0:] AndroidManifest.xml:22:18-86
	android:label
		ADDED from src\main\AndroidManifest.xml:4:90-122
	android:icon
		ADDED from src\main\AndroidManifest.xml:4:58-89
	android:banner
		ADDED from src\main\AndroidManifest.xml:4:145-182
	android:theme
		ADDED from src\main\AndroidManifest.xml:4:16-57
	android:isGame
		ADDED from src\main\AndroidManifest.xml:4:123-144
activity#com.unity3d.player.UnityPlayerActivity
ADDED from src\main\AndroidManifest.xml:5:5-12:16
	android:screenOrientation
		ADDED from src\main\AndroidManifest.xml:5:102-138
	android:label
		ADDED from src\main\AndroidManifest.xml:5:69-101
	android:launchMode
		ADDED from src\main\AndroidManifest.xml:5:139-170
	android:hardwareAccelerated
		ADDED from src\main\AndroidManifest.xml:5:353-388
	android:configChanges
		ADDED from src\main\AndroidManifest.xml:5:171-352
	android:name
		ADDED from src\main\AndroidManifest.xml:5:15-68
intent-filter#action:name:android.intent.action.MAIN+category:name:android.intent.category.LAUNCHER+category:name:android.intent.category.LEANBACK_LAUNCHER
ADDED from src\main\AndroidManifest.xml:6:7-10:23
action#android.intent.action.MAIN
ADDED from src\main\AndroidManifest.xml:7:9-61
	android:name
		ADDED from src\main\AndroidManifest.xml:7:17-58
category#android.intent.category.LAUNCHER
ADDED from src\main\AndroidManifest.xml:8:9-69
	android:name
		ADDED from src\main\AndroidManifest.xml:8:19-66
category#android.intent.category.LEANBACK_LAUNCHER
ADDED from src\main\AndroidManifest.xml:9:9-78
	android:name
		ADDED from src\main\AndroidManifest.xml:9:19-75
meta-data#unityplayer.UnityActivity
ADDED from src\main\AndroidManifest.xml:11:7-82
	android:value
		ADDED from src\main\AndroidManifest.xml:11:59-79
	android:name
		ADDED from src\main\AndroidManifest.xml:11:18-58
meta-data#unity.build-id
ADDED from src\main\AndroidManifest.xml:13:5-101
	android:value
		ADDED from src\main\AndroidManifest.xml:13:46-98
	android:name
		ADDED from src\main\AndroidManifest.xml:13:16-45
meta-data#unity.splash-mode
ADDED from src\main\AndroidManifest.xml:14:5-69
	android:value
		ADDED from src\main\AndroidManifest.xml:14:49-66
	android:name
		ADDED from src\main\AndroidManifest.xml:14:16-48
meta-data#unity.splash-enable
ADDED from src\main\AndroidManifest.xml:15:5-74
	android:value
		ADDED from src\main\AndroidManifest.xml:15:51-71
	android:name
		ADDED from src\main\AndroidManifest.xml:15:16-50
uses-feature#0x00020000
ADDED from src\main\AndroidManifest.xml:17:3-52
	android:glEsVersion
		ADDED from src\main\AndroidManifest.xml:17:17-49
uses-permission#android.permission.INTERNET
ADDED from src\main\AndroidManifest.xml:18:3-65
MERGED from [:com.google.android.gms.play-services-ads-lite-19.1.0:] AndroidManifest.xml:20:3-65
MERGED from [:com.google.android.gms.play-services-ads-lite-19.1.0:] AndroidManifest.xml:20:3-65
MERGED from [:com.google.android.gms.play-services-measurement-sdk-api-17.1.0:] AndroidManifest.xml:23:5-67
MERGED from [:com.google.android.gms.play-services-measurement-sdk-api-17.1.0:] AndroidManifest.xml:23:5-67
MERGED from [:googlemobileads-unity:] AndroidManifest.xml:16:5-67
MERGED from [:googlemobileads-unity:] AndroidManifest.xml:16:5-67
	android:name
		ADDED from src\main\AndroidManifest.xml:18:20-62
uses-permission#android.permission.ACCESS_NETWORK_STATE
ADDED from src\main\AndroidManifest.xml:19:3-77
MERGED from [:com.google.android.gms.play-services-ads-lite-19.1.0:] AndroidManifest.xml:21:3-77
MERGED from [:com.google.android.gms.play-services-ads-lite-19.1.0:] AndroidManifest.xml:21:3-77
MERGED from [:com.google.android.gms.play-services-measurement-sdk-api-17.1.0:] AndroidManifest.xml:24:5-79
MERGED from [:com.google.android.gms.play-services-measurement-sdk-api-17.1.0:] AndroidManifest.xml:24:5-79
	android:name
		ADDED from src\main\AndroidManifest.xml:19:20-74
uses-feature#android.hardware.touchscreen
ADDED from src\main\AndroidManifest.xml:20:3-88
	android:required
		ADDED from src\main\AndroidManifest.xml:20:61-85
	android:name
		ADDED from src\main\AndroidManifest.xml:20:17-60
uses-feature#android.hardware.touchscreen.multitouch
ADDED from src\main\AndroidManifest.xml:21:3-99
	android:required
		ADDED from src\main\AndroidManifest.xml:21:72-96
	android:name
		ADDED from src\main\AndroidManifest.xml:21:17-71
uses-feature#android.hardware.touchscreen.multitouch.distinct
ADDED from src\main\AndroidManifest.xml:22:3-108
	android:required
		ADDED from src\main\AndroidManifest.xml:22:81-105
	android:name
		ADDED from src\main\AndroidManifest.xml:22:17-80
uses-sdk
INJECTED from src\main\AndroidManifest.xml reason: use-sdk injection requested
INJECTED from src\main\AndroidManifest.xml
INJECTED from src\main\AndroidManifest.xml
MERGED from [:androidx.arch.core.core-runtime-2.0.0:] AndroidManifest.xml:20:5-44
MERGED from [:androidx.arch.core.core-runtime-2.0.0:] AndroidManifest.xml:20:5-44
MERGED from [:androidx.asynclayoutinflater.asynclayoutinflater-1.0.0:] AndroidManifest.xml:20:5-44
MERGED from [:androidx.asynclayoutinflater.asynclayoutinflater-1.0.0:] AndroidManifest.xml:20:5-44
MERGED from [:androidx.browser.browser-1.0.0:] AndroidManifest.xml:20:5-44
MERGED from [:androidx.browser.browser-1.0.0:] AndroidManifest.xml:20:5-44
MERGED from [:androidx.coordinatorlayout.coordinatorlayout-1.0.0:] AndroidManifest.xml:20:5-44
MERGED from [:androidx.coordinatorlayout.coordinatorlayout-1.0.0:] AndroidManifest.xml:20:5-44
MERGED from [:androidx.core.core-1.0.0:] AndroidManifest.xml:20:5-44
MERGED from [:androidx.core.core-1.0.0:] AndroidManifest.xml:20:5-44
MERGED from [:androidx.cursoradapter.cursoradapter-1.0.0:] AndroidManifest.xml:20:5-44
MERGED from [:androidx.cursoradapter.cursoradapter-1.0.0:] AndroidManifest.xml:20:5-44
MERGED from [:androidx.customview.customview-1.0.0:] AndroidManifest.xml:20:5-44
MERGED from [:androidx.customview.customview-1.0.0:] AndroidManifest.xml:20:5-44
MERGED from [:androidx.documentfile.documentfile-1.0.0:] AndroidManifest.xml:20:5-44
MERGED from [:androidx.documentfile.documentfile-1.0.0:] AndroidManifest.xml:20:5-44
MERGED from [:androidx.drawerlayout.drawerlayout-1.0.0:] AndroidManifest.xml:20:5-44
MERGED from [:androidx.drawerlayout.drawerlayout-1.0.0:] AndroidManifest.xml:20:5-44
MERGED from [:androidx.fragment.fragment-1.0.0:] AndroidManifest.xml:20:5-44
MERGED from [:androidx.fragment.fragment-1.0.0:] AndroidManifest.xml:20:5-44
MERGED from [:androidx.interpolator.interpolator-1.0.0:] AndroidManifest.xml:20:5-44
MERGED from [:androidx.interpolator.interpolator-1.0.0:] AndroidManifest.xml:20:5-44
MERGED from [:androidx.legacy.legacy-support-core-ui-1.0.0:] AndroidManifest.xml:20:5-44
MERGED from [:androidx.legacy.legacy-support-core-ui-1.0.0:] AndroidManifest.xml:20:5-44
MERGED from [:androidx.legacy.legacy-support-core-utils-1.0.0:] AndroidManifest.xml:20:5-44
MERGED from [:androidx.legacy.legacy-support-core-utils-1.0.0:] AndroidManifest.xml:20:5-44
MERGED from [:androidx.lifecycle.lifecycle-livedata-2.0.0:] AndroidManifest.xml:20:5-44
MERGED from [:androidx.lifecycle.lifecycle-livedata-2.0.0:] AndroidManifest.xml:20:5-44
MERGED from [:androidx.lifecycle.lifecycle-livedata-core-2.0.0:] AndroidManifest.xml:20:5-44
MERGED from [:androidx.lifecycle.lifecycle-livedata-core-2.0.0:] AndroidManifest.xml:20:5-44
MERGED from [:androidx.lifecycle.lifecycle-runtime-2.0.0:] AndroidManifest.xml:20:5-44
MERGED from [:androidx.lifecycle.lifecycle-runtime-2.0.0:] AndroidManifest.xml:20:5-44
MERGED from [:androidx.lifecycle.lifecycle-viewmodel-2.0.0:] AndroidManifest.xml:20:5-44
MERGED from [:androidx.lifecycle.lifecycle-viewmodel-2.0.0:] AndroidManifest.xml:20:5-44
MERGED from [:androidx.loader.loader-1.0.0:] AndroidManifest.xml:20:5-44
MERGED from [:androidx.loader.loader-1.0.0:] AndroidManifest.xml:20:5-44
MERGED from [:androidx.localbroadcastmanager.localbroadcastmanager-1.0.0:] AndroidManifest.xml:20:5-44
MERGED from [:androidx.localbroadcastmanager.localbroadcastmanager-1.0.0:] AndroidManifest.xml:20:5-44
MERGED from [:androidx.print.print-1.0.0:] AndroidManifest.xml:20:5-44
MERGED from [:androidx.print.print-1.0.0:] AndroidManifest.xml:20:5-44
MERGED from [:androidx.slidingpanelayout.slidingpanelayout-1.0.0:] AndroidManifest.xml:20:5-44
MERGED from [:androidx.slidingpanelayout.slidingpanelayout-1.0.0:] AndroidManifest.xml:20:5-44
MERGED from [:androidx.swiperefreshlayout.swiperefreshlayout-1.0.0:] AndroidManifest.xml:20:5-44
MERGED from [:androidx.swiperefreshlayout.swiperefreshlayout-1.0.0:] AndroidManifest.xml:20:5-44
MERGED from [:androidx.versionedparcelable.versionedparcelable-1.0.0:] AndroidManifest.xml:20:5-44
MERGED from [:androidx.versionedparcelable.versionedparcelable-1.0.0:] AndroidManifest.xml:20:5-44
MERGED from [:androidx.viewpager.viewpager-1.0.0:] AndroidManifest.xml:20:5-44
MERGED from [:androidx.viewpager.viewpager-1.0.0:] AndroidManifest.xml:20:5-44
MERGED from [:com.google.android.gms.play-services-ads-19.1.0:] AndroidManifest.xml:21:5-23:52
MERGED from [:com.google.android.gms.play-services-ads-19.1.0:] AndroidManifest.xml:21:5-23:52
MERGED from [:com.google.android.gms.play-services-ads-base-19.1.0:] AndroidManifest.xml:5:5-44
MERGED from [:com.google.android.gms.play-services-ads-base-19.1.0:] AndroidManifest.xml:5:5-44
MERGED from [:com.google.android.gms.play-services-ads-identifier-17.0.0:] AndroidManifest.xml:20:5-44
MERGED from [:com.google.android.gms.play-services-ads-identifier-17.0.0:] AndroidManifest.xml:20:5-44
MERGED from [:com.google.android.gms.play-services-ads-lite-19.1.0:] AndroidManifest.xml:18:3-42
MERGED from [:com.google.android.gms.play-services-ads-lite-19.1.0:] AndroidManifest.xml:18:3-42
MERGED from [:com.google.android.gms.play-services-basement-17.0.0:] AndroidManifest.xml:20:5-44
MERGED from [:com.google.android.gms.play-services-basement-17.0.0:] AndroidManifest.xml:20:5-44
MERGED from [:com.google.android.gms.play-services-gass-19.1.0:] AndroidManifest.xml:5:5-44
MERGED from [:com.google.android.gms.play-services-gass-19.1.0:] AndroidManifest.xml:5:5-44
MERGED from [:com.google.android.gms.play-services-measurement-base-17.1.0:] AndroidManifest.xml:5:5-44
MERGED from [:com.google.android.gms.play-services-measurement-base-17.1.0:] AndroidManifest.xml:5:5-44
MERGED from [:com.google.android.gms.play-services-measurement-sdk-api-17.1.0:] AndroidManifest.xml:20:5-44
MERGED from [:com.google.android.gms.play-services-measurement-sdk-api-17.1.0:] AndroidManifest.xml:20:5-44
MERGED from [:com.google.android.gms.play-services-tasks-17.0.0:] AndroidManifest.xml:5:5-44
MERGED from [:com.google.android.gms.play-services-tasks-17.0.0:] AndroidManifest.xml:5:5-44
MERGED from [:googlemobileads-unity:] AndroidManifest.xml:12:5-14:41
MERGED from [:googlemobileads-unity:] AndroidManifest.xml:12:5-14:41
MERGED from [:GoogleMobileAdsPlugin] AndroidManifest.xml:7:5-47
MERGED from [:GoogleMobileAdsPlugin] AndroidManifest.xml:7:5-47
INJECTED from src\main\AndroidManifest.xml
INJECTED from src\main\AndroidManifest.xml
	tools:overrideLibrary
		ADDED from [:com.google.android.gms.play-services-ads-19.1.0:] AndroidManifest.xml:23:9-49
	android:targetSdkVersion
		INJECTED from src\main\AndroidManifest.xml
		ADDED from src\main\AndroidManifest.xml
		INJECTED from src\main\AndroidManifest.xml
	android:minSdkVersion
		INJECTED from src\main\AndroidManifest.xml
		ADDED from src\main\AndroidManifest.xml
		MERGED from src\main\AndroidManifest.xml
		INJECTED from src\main\AndroidManifest.xml
activity#com.google.android.gms.ads.AdActivity
ADDED from [:com.google.android.gms.play-services-ads-lite-19.1.0:] AndroidManifest.xml:24:5-254
	android:exported
		ADDED from [:com.google.android.gms.play-services-ads-lite-19.1.0:] AndroidManifest.xml:24:178-202
	android:configChanges
		ADDED from [:com.google.android.gms.play-services-ads-lite-19.1.0:] AndroidManifest.xml:24:68-177
	android:theme
		ADDED from [:com.google.android.gms.play-services-ads-lite-19.1.0:] AndroidManifest.xml:24:203-251
	android:name
		ADDED from [:com.google.android.gms.play-services-ads-lite-19.1.0:] AndroidManifest.xml:24:15-67
provider#com.google.android.gms.ads.MobileAdsInitProvider
ADDED from [:com.google.android.gms.play-services-ads-lite-19.1.0:] AndroidManifest.xml:25:5-188
	android:authorities
		ADDED from [:com.google.android.gms.play-services-ads-lite-19.1.0:] AndroidManifest.xml:25:79-136
	android:exported
		ADDED from [:com.google.android.gms.play-services-ads-lite-19.1.0:] AndroidManifest.xml:25:137-161
	android:initOrder
		ADDED from [:com.google.android.gms.play-services-ads-lite-19.1.0:] AndroidManifest.xml:25:162-185
	android:name
		ADDED from [:com.google.android.gms.play-services-ads-lite-19.1.0:] AndroidManifest.xml:25:15-78
meta-data#com.google.android.gms.version
ADDED from [:com.google.android.gms.play-services-basement-17.0.0:] AndroidManifest.xml:23:9-25:69
	android:value
		ADDED from [:com.google.android.gms.play-services-basement-17.0.0:] AndroidManifest.xml:25:13-66
	android:name
		ADDED from [:com.google.android.gms.play-services-basement-17.0.0:] AndroidManifest.xml:24:13-58
uses-permission#android.permission.WAKE_LOCK
ADDED from [:com.google.android.gms.play-services-measurement-sdk-api-17.1.0:] AndroidManifest.xml:25:5-68
	android:name
		ADDED from [:com.google.android.gms.play-services-measurement-sdk-api-17.1.0:] AndroidManifest.xml:25:22-65
uses-library#org.apache.http.legacy
ADDED from [:GoogleMobileAdsPlugin] AndroidManifest.xml:10:9-12:40
	android:required
		ADDED from [:GoogleMobileAdsPlugin] AndroidManifest.xml:12:13-37
	android:name
		ADDED from [:GoogleMobileAdsPlugin] AndroidManifest.xml:11:13-50
meta-data#com.google.android.gms.ads.APPLICATION_ID
ADDED from [:GoogleMobileAdsPlugin] AndroidManifest.xml:14:9-16:70
	android:value
		ADDED from [:GoogleMobileAdsPlugin] AndroidManifest.xml:16:13-67
	android:name
		ADDED from [:GoogleMobileAdsPlugin] AndroidManifest.xml:15:13-69